<?xml version="1.0" encoding="UTF-8"?>
<!-- Generated by org.testng.reporters.JUnitReportReporter -->
<testsuite hostname="punitp3407d" name="RunCukesTest" tests="1" failures="0" timestamp="24 Aug 2016 12:53:18 GMT" time="39.289" errors="0">
  <testcase name="feature" time="39.289" classname="RunCukesTest"/>
</testsuite> <!-- RunCukesTest -->
